<?xml version="1.0" encoding="UTF-8"?>
<!-- Generated by org.testng.reporters.JUnitXMLReporter -->
<testsuite ignored="0" hostname="DESKTOP-L85S4IG" failures="0" tests="3" name="Test" time="90.388" errors="0" timestamp="2023-09-16T17:34:14 IST">
  <testcase classname="TestCases.LoginTestCases" name="verifyValidLogin" time="4.955"/>
  <testcase classname="TestCases.LoginTestCases" name="verifyInValidLogin" time="4.74"/>
  <testcase classname="TestCases.MyInfoTestCases" name="fillPersonalDetails" time="21.488"/>
</testsuite> <!-- Test -->
